<?xml version="1.0" encoding="UTF-8"?>
<!-- Generated by org.testng.reporters.JUnitXMLReporter -->
<testsuite ignored="0" hostname="DESKTOP-0OFTRJ2" failures="0" tests="6" name="C:/Users/user/IdeaProjects/MobileTesting/src/test/java/AnCrypto/Tests.walletScreenTests/walletScreenTestCases.java" time="20.62" errors="0" timestamp="2023-03-01T16:58:22 IST">
  <testcase classname="AnCrypto.Tests.walletScreenTests.walletScreenTestCasesSend" name="@BeforeMethod testSetup" time="20.572">
    <failure type="org.openqa.selenium.SessionNotCreatedException" message="Unable to create a new remote session. Please check the server log for more details. Original error: An unknown server-side error occurred while processing the command. Original error: Could not find a connected Android device in 20146ms.
Build info: version: &amp;apos;3.141.59&amp;apos;, revision: &amp;apos;e82be7d358&amp;apos;, time: &amp;apos;2018-11-14T08:17:03&amp;apos;
System info: host: &amp;apos;DESKTOP-0OFTRJ2&amp;apos;, ip: &amp;apos;172.15.15.9&amp;apos;, os.name: &amp;apos;Windows 11&amp;apos;, os.arch: &amp;apos;amd64&amp;apos;, os.version: &amp;apos;10.0&amp;apos;, java.version: &amp;apos;11.0.18&amp;apos;
Driver info: driver.version: AppiumDriver
remote stacktrace: UnknownError: An unknown server-side error occurred while processing the command. Original error: Could not find a connected Android device in 20146ms.
    at getResponseForW3CError (C:\Program Files\Appium Server GUI\resources\app\node_modules\appium\node_modules\appium-base-driver\lib\protocol\errors.js:804:9)
    at asyncHandler (C:\Program Files\Appium Server GUI\resources\app\node_modules\appium\node_modules\appium-base-driver\lib\protocol\protocol.js:380:37)
Build info: version: &amp;apos;3.141.59&amp;apos;, revision: &amp;apos;e82be7d358&amp;apos;, time: &amp;apos;2018-11-14T08:17:03&amp;apos;
System info: host: &amp;apos;DESKTOP-0OFTRJ2&amp;apos;, ip: &amp;apos;172.15.15.9&amp;apos;, os.name: &amp;apos;Windows 11&amp;apos;, os.arch: &amp;apos;amd64&amp;apos;, os.version: &amp;apos;10.0&amp;apos;, java.version: &amp;apos;11.0.18&amp;apos;
Driver info: driver.version: AppiumDriver">
      <![CDATA[org.openqa.selenium.SessionNotCreatedException: Unable to create a new remote session. Please check the server log for more details. Original error: An unknown server-side error occurred while processing the command. Original error: Could not find a connected Android device in 20146ms.
Build info: version: '3.141.59', revision: 'e82be7d358', time: '2018-11-14T08:17:03'
System info: host: 'DESKTOP-0OFTRJ2', ip: '172.15.15.9', os.name: 'Windows 11', os.arch: 'amd64', os.version: '10.0', java.version: '11.0.18'
Driver info: driver.version: AppiumDriver
remote stacktrace: UnknownError: An unknown server-side error occurred while processing the command. Original error: Could not find a connected Android device in 20146ms.
    at getResponseForW3CError (C:\Program Files\Appium Server GUI\resources\app\node_modules\appium\node_modules\appium-base-driver\lib\protocol\errors.js:804:9)
    at asyncHandler (C:\Program Files\Appium Server GUI\resources\app\node_modules\appium\node_modules\appium-base-driver\lib\protocol\protocol.js:380:37)
Build info: version: '3.141.59', revision: 'e82be7d358', time: '2018-11-14T08:17:03'
System info: host: 'DESKTOP-0OFTRJ2', ip: '172.15.15.9', os.name: 'Windows 11', os.arch: 'amd64', os.version: '10.0', java.version: '11.0.18'
Driver info: driver.version: AppiumDriver
at io.appium.java_client.remote.AppiumCommandExecutor$1.createSession(AppiumCommandExecutor.java:208)
at io.appium.java_client.remote.AppiumCommandExecutor.createSession(AppiumCommandExecutor.java:217)
at io.appium.java_client.remote.AppiumCommandExecutor.execute(AppiumCommandExecutor.java:239)
at org.openqa.selenium.remote.RemoteWebDriver.execute(RemoteWebDriver.java:552)
at io.appium.java_client.DefaultGenericMobileDriver.execute(DefaultGenericMobileDriver.java:41)
at io.appium.java_client.AppiumDriver.execute(AppiumDriver.java:1)
at org.openqa.selenium.remote.RemoteWebDriver.startSession(RemoteWebDriver.java:213)
at io.appium.java_client.AppiumDriver.startSession(AppiumDriver.java:336)
at org.openqa.selenium.remote.RemoteWebDriver.<init>(RemoteWebDriver.java:131)
at io.appium.java_client.DefaultGenericMobileDriver.<init>(DefaultGenericMobileDriver.java:37)
at io.appium.java_client.AppiumDriver.<init>(AppiumDriver.java:88)
at io.appium.java_client.AppiumDriver.<init>(AppiumDriver.java:98)
at AnCrypto.Helpers.BaseClass.openApp(BaseClass.java:36)
at AnCrypto.Tests.walletScreenTests.walletScreenTestCasesSend.testSetup(walletScreenTestCasesSend.java:15)
at java.base/jdk.internal.reflect.NativeMethodAccessorImpl.invoke0(Native Method)
at java.base/jdk.internal.reflect.NativeMethodAccessorImpl.invoke(NativeMethodAccessorImpl.java:62)
at java.base/jdk.internal.reflect.DelegatingMethodAccessorImpl.invoke(DelegatingMethodAccessorImpl.java:43)
at java.base/java.lang.reflect.Method.invoke(Method.java:566)
at org.testng.internal.invokers.MethodInvocationHelper.invokeMethod(MethodInvocationHelper.java:135)
at org.testng.internal.invokers.MethodInvocationHelper.invokeMethodConsideringTimeout(MethodInvocationHelper.java:65)
at org.testng.internal.invokers.ConfigInvoker.invokeConfigurationMethod(ConfigInvoker.java:381)
at org.testng.internal.invokers.ConfigInvoker.invokeConfigurations(ConfigInvoker.java:319)
at org.testng.internal.invokers.TestInvoker.runConfigMethods(TestInvoker.java:803)
at org.testng.internal.invokers.TestInvoker.invokeMethod(TestInvoker.java:589)
at org.testng.internal.invokers.TestInvoker.invokeTestMethod(TestInvoker.java:220)
at org.testng.internal.invokers.MethodRunner.runInSequence(MethodRunner.java:50)
at org.testng.internal.invokers.TestInvoker$MethodInvocationAgent.invoke(TestInvoker.java:945)
at org.testng.internal.invokers.TestInvoker.invokeTestMethods(TestInvoker.java:193)
at org.testng.internal.invokers.TestMethodWorker.invokeTestMethods(TestMethodWorker.java:146)
at org.testng.internal.invokers.TestMethodWorker.run(TestMethodWorker.java:128)
at java.base/java.util.ArrayList.forEach(ArrayList.java:1541)
at org.testng.TestRunner.privateRun(TestRunner.java:808)
at org.testng.TestRunner.run(TestRunner.java:603)
at org.testng.SuiteRunner.runTest(SuiteRunner.java:429)
at org.testng.SuiteRunner.runSequentially(SuiteRunner.java:423)
at org.testng.SuiteRunner.privateRun(SuiteRunner.java:383)
at org.testng.SuiteRunner.run(SuiteRunner.java:326)
at org.testng.SuiteRunnerWorker.runSuite(SuiteRunnerWorker.java:52)
at org.testng.SuiteRunnerWorker.run(SuiteRunnerWorker.java:95)
at org.testng.TestNG.runSuitesSequentially(TestNG.java:1249)
at org.testng.TestNG.runSuitesLocally(TestNG.java:1169)
at org.testng.TestNG.runSuites(TestNG.java:1092)
at org.testng.TestNG.run(TestNG.java:1060)
at org.apache.maven.surefire.testng.TestNGExecutor.run(TestNGExecutor.java:283)
at org.apache.maven.surefire.testng.TestNGXmlTestSuite.execute(TestNGXmlTestSuite.java:75)
at org.apache.maven.surefire.testng.TestNGProvider.invoke(TestNGProvider.java:120)
at org.apache.maven.surefire.booter.ForkedBooter.invokeProviderInSameClassLoader(ForkedBooter.java:384)
at org.apache.maven.surefire.booter.ForkedBooter.runSuitesInProcess(ForkedBooter.java:345)
at org.apache.maven.surefire.booter.ForkedBooter.execute(ForkedBooter.java:126)
at org.apache.maven.surefire.booter.ForkedBooter.main(ForkedBooter.java:418)
Caused by: java.lang.reflect.InvocationTargetException
at java.base/jdk.internal.reflect.NativeMethodAccessorImpl.invoke0(Native Method)
at java.base/jdk.internal.reflect.NativeMethodAccessorImpl.invoke(NativeMethodAccessorImpl.java:62)
at java.base/jdk.internal.reflect.DelegatingMethodAccessorImpl.invoke(DelegatingMethodAccessorImpl.java:43)
at java.base/java.lang.reflect.Method.invoke(Method.java:566)
at io.appium.java_client.remote.AppiumCommandExecutor$1.createSession(AppiumCommandExecutor.java:186)
... 49 more
Caused by: org.openqa.selenium.WebDriverException: An unknown server-side error occurred while processing the command. Original error: Could not find a connected Android device in 20146ms.
Build info: version: '3.141.59', revision: 'e82be7d358', time: '2018-11-14T08:17:03'
System info: host: 'DESKTOP-0OFTRJ2', ip: '172.15.15.9', os.name: 'Windows 11', os.arch: 'amd64', os.version: '10.0', java.version: '11.0.18'
Driver info: driver.version: AppiumDriver
remote stacktrace: UnknownError: An unknown server-side error occurred while processing the command. Original error: Could not find a connected Android device in 20146ms.
    at getResponseForW3CError (C:\Program Files\Appium Server GUI\resources\app\node_modules\appium\node_modules\appium-base-driver\lib\protocol\errors.js:804:9)
    at asyncHandler (C:\Program Files\Appium Server GUI\resources\app\node_modules\appium\node_modules\appium-base-driver\lib\protocol\protocol.js:380:37)
at java.base/jdk.internal.reflect.NativeConstructorAccessorImpl.newInstance0(Native Method)
at java.base/jdk.internal.reflect.NativeConstructorAccessorImpl.newInstance(NativeConstructorAccessorImpl.java:62)
at java.base/jdk.internal.reflect.DelegatingConstructorAccessorImpl.newInstance(DelegatingConstructorAccessorImpl.java:45)
at java.base/java.lang.reflect.Constructor.newInstance(Constructor.java:490)
at org.openqa.selenium.remote.W3CHandshakeResponse.lambda$errorHandler$0(W3CHandshakeResponse.java:62)
at org.openqa.selenium.remote.HandshakeResponse.lambda$getResponseFunction$0(HandshakeResponse.java:30)
at org.openqa.selenium.remote.ProtocolHandshake.lambda$createSession$0(ProtocolHandshake.java:126)
at java.base/java.util.stream.ReferencePipeline$3$1.accept(ReferencePipeline.java:195)
at java.base/java.util.Spliterators$ArraySpliterator.tryAdvance(Spliterators.java:958)
at java.base/java.util.stream.ReferencePipeline.forEachWithCancel(ReferencePipeline.java:127)
at java.base/java.util.stream.AbstractPipeline.copyIntoWithCancel(AbstractPipeline.java:502)
at java.base/java.util.stream.AbstractPipeline.copyInto(AbstractPipeline.java:488)
at java.base/java.util.stream.AbstractPipeline.wrapAndCopyInto(AbstractPipeline.java:474)
at java.base/java.util.stream.FindOps$FindOp.evaluateSequential(FindOps.java:150)
at java.base/java.util.stream.AbstractPipeline.evaluate(AbstractPipeline.java:234)
at java.base/java.util.stream.ReferencePipeline.findFirst(ReferencePipeline.java:543)
at org.openqa.selenium.remote.ProtocolHandshake.createSession(ProtocolHandshake.java:128)
... 54 more
]]>
    </failure>
  </testcase> <!-- @BeforeMethod testSetup -->
  <testcase classname="AnCrypto.Tests.walletScreenTests.walletScreenTestCasesSend" name="@AfterMethod testCleanup" time="0.0">
    <skipped/>
  </testcase> <!-- @AfterMethod testCleanup -->
  <testcase classname="AnCrypto.Tests.walletScreenTests.walletScreenTestCasesSend" name="@BeforeMethod testSetup" time="0.0">
    <skipped/>
  </testcase> <!-- @BeforeMethod testSetup -->
  <testcase classname="AnCrypto.Tests.walletScreenTests.walletScreenTestCasesSend" name="@AfterMethod testCleanup" time="0.0">
    <skipped/>
  </testcase> <!-- @AfterMethod testCleanup -->
  <testcase classname="AnCrypto.Tests.walletScreenTests.walletScreenTestCasesSend" name="@BeforeMethod testSetup" time="0.0">
    <skipped/>
  </testcase> <!-- @BeforeMethod testSetup -->
  <testcase classname="AnCrypto.Tests.walletScreenTests.walletScreenTestCasesSend" name="@AfterMethod testCleanup" time="0.0">
    <skipped/>
  </testcase> <!-- @AfterMethod testCleanup -->
  <testcase classname="AnCrypto.Tests.walletScreenTests.walletScreenTestCasesSend" name="@BeforeMethod testSetup" time="0.0">
    <skipped/>
  </testcase> <!-- @BeforeMethod testSetup -->
  <testcase classname="AnCrypto.Tests.walletScreenTests.walletScreenTestCasesSend" name="@AfterMethod testCleanup" time="0.0">
    <skipped/>
  </testcase> <!-- @AfterMethod testCleanup -->
  <testcase classname="AnCrypto.Tests.walletScreenTests.walletScreenTestCasesSend" name="@BeforeMethod testSetup" time="0.0">
    <skipped/>
  </testcase> <!-- @BeforeMethod testSetup -->
  <testcase classname="AnCrypto.Tests.walletScreenTests.walletScreenTestCasesSend" name="@AfterMethod testCleanup" time="0.0">
    <skipped/>
  </testcase> <!-- @AfterMethod testCleanup -->
  <testcase classname="AnCrypto.Tests.walletScreenTests.walletScreenTestCasesSend" name="@BeforeMethod testSetup" time="0.0">
    <skipped/>
  </testcase> <!-- @BeforeMethod testSetup -->
  <testcase classname="AnCrypto.Tests.walletScreenTests.walletScreenTestCasesSend" name="@AfterMethod testCleanup" time="0.0">
    <skipped/>
  </testcase> <!-- @AfterMethod testCleanup -->
  <testcase classname="AnCrypto.Tests.walletScreenTests.walletScreenTestCasesSend" name="walletScreenTestsCheckAddressContactHomeButton" time="0.0">
    <skipped/>
  </testcase> <!-- walletScreenTestsCheckAddressContactHomeButton -->
  <testcase classname="AnCrypto.Tests.walletScreenTests.walletScreenTestCasesSend" name="walletScreenTestsCheckSendCurrencyAdvancedOptionsSubmitEmpty" time="0.0">
    <skipped/>
  </testcase> <!-- walletScreenTestsCheckSendCurrencyAdvancedOptionsSubmitEmpty -->
  <testcase classname="AnCrypto.Tests.walletScreenTests.walletScreenTestCasesSend" name="walletScreenTestsCheckSendCurrencyMaxAmount" time="0.0">
    <skipped/>
  </testcase> <!-- walletScreenTestsCheckSendCurrencyMaxAmount -->
  <testcase classname="AnCrypto.Tests.walletScreenTests.walletScreenTestCasesSend" name="walletScreenTestsCheckSendCurrencyClickSlowAverageFastOptions" time="0.0">
    <skipped/>
  </testcase> <!-- walletScreenTestsCheckSendCurrencyClickSlowAverageFastOptions -->
  <testcase classname="AnCrypto.Tests.walletScreenTests.walletScreenTestCasesSend" name="walletScreenTestsCheckSendCurrencyEnterInvalidAddressAndAndValidAmountClickSend" time="0.0">
    <skipped/>
  </testcase> <!-- walletScreenTestsCheckSendCurrencyEnterInvalidAddressAndAndValidAmountClickSend -->
  <testcase classname="AnCrypto.Tests.walletScreenTests.walletScreenTestCasesSend" name="walletScreenTestsCheckSendCurrencyEnterValidAddressAndInvalidAmountAndClickSend" time="0.0">
    <skipped/>
  </testcase> <!-- walletScreenTestsCheckSendCurrencyEnterValidAddressAndInvalidAmountAndClickSend -->
</testsuite> <!-- C:/Users/user/IdeaProjects/MobileTesting/src/test/java/AnCrypto/Tests.walletScreenTests/walletScreenTestCases.java -->
